{
  "stats": {
    "suites": 1,
    "tests": 2,
    "passes": 2,
    "pending": 0,
    "failures": 0,
    "start": "2022-07-06T05:48:55.448Z",
    "end": "2022-07-06T05:48:58.673Z",
    "duration": 3225,
    "testsRegistered": 2,
    "passPercent": 100,
    "pendingPercent": 0,
    "other": 0,
    "hasOther": false,
    "skipped": 0,
    "hasSkipped": false
  },
  "results": [
    {
      "uuid": "f27c9530-4153-4411-bbca-29a9bced509f",
      "title": "",
      "fullFile": "F:\\Fractal\\BoilerPlateProject\\BoilerPlate\\src\\frontend\\react\\src\\testing\\AutomatedTests\\Selenium\\index.js",
      "file": "\\src\\testing\\AutomatedTests\\Selenium\\index.js",
      "beforeHooks": [],
      "afterHooks": [],
      "tests": [],
      "suites": [
        {
          "uuid": "80e4f621-b24c-43a7-871c-32ff95cd4fd1",
          "title": "adding tests for login",
          "fullFile": "F:\\Fractal\\BoilerPlateProject\\BoilerPlate\\src\\frontend\\react\\src\\testing\\AutomatedTests\\Selenium\\index.js",
          "file": "\\src\\testing\\AutomatedTests\\Selenium\\index.js",
          "beforeHooks": [
            {
              "title": "\"before each\" hook in \"adding tests for login\"",
              "fullTitle": "adding tests for login \"before each\" hook in \"adding tests for login\"",
              "timedOut": false,
              "duration": 1324,
              "state": null,
              "speed": null,
              "pass": false,
              "fail": false,
              "pending": false,
              "context": null,
              "code": "await LoginPage.launchBrowser(navigatingUrl);",
              "err": {},
              "uuid": "8c2e5331-88c0-4477-9792-c303f9101da8",
              "parentUUID": "80e4f621-b24c-43a7-871c-32ff95cd4fd1",
              "isHook": true,
              "skipped": false
            }
          ],
          "afterHooks": [
            {
              "title": "\"after each\" hook in \"adding tests for login\"",
              "fullTitle": "adding tests for login \"after each\" hook in \"adding tests for login\"",
              "timedOut": false,
              "duration": 69,
              "state": null,
              "speed": null,
              "pass": false,
              "fail": false,
              "pending": false,
              "context": null,
              "code": "await LoginPage.closeBrowser();",
              "err": {},
              "uuid": "e90f0263-24f8-470c-a76b-5a4ee85e543c",
              "parentUUID": "80e4f621-b24c-43a7-871c-32ff95cd4fd1",
              "isHook": true,
              "skipped": false
            }
          ],
          "tests": [
            {
              "title": "checking validation of username",
              "fullTitle": "adding tests for login checking validation of username",
              "timedOut": false,
              "duration": 122,
              "state": "passed",
              "speed": "slow",
              "pass": true,
              "fail": false,
              "pending": false,
              "context": null,
              "code": "await LoginPage.login(\"\", \"My Password\");\nconst obtainedOutput = await LoginPage.getText(\"usernameErrorMsg\");\nawait assert.strictEqual(obtainedOutput, \"Username is Required\");",
              "err": {},
              "uuid": "f5705d2a-02d2-46b7-acc5-0a3b93191732",
              "parentUUID": "80e4f621-b24c-43a7-871c-32ff95cd4fd1",
              "isHook": false,
              "skipped": false
            },
            {
              "title": "checking validation of password",
              "fullTitle": "adding tests for login checking validation of password",
              "timedOut": false,
              "duration": 115,
              "state": "passed",
              "speed": "slow",
              "pass": true,
              "fail": false,
              "pending": false,
              "context": null,
              "code": "await LoginPage.login(\"My Username\", \"\");\nconst obtainedOutput = await LoginPage.getText(\"passwordErrorMsg\");\nawait assert.strictEqual(obtainedOutput, \"Password is Required\");",
              "err": {},
              "uuid": "9db5963c-6fff-4cab-b17f-5cb1b778f824",
              "parentUUID": "80e4f621-b24c-43a7-871c-32ff95cd4fd1",
              "isHook": false,
              "skipped": false
            }
          ],
          "suites": [],
          "passes": [
            "f5705d2a-02d2-46b7-acc5-0a3b93191732",
            "9db5963c-6fff-4cab-b17f-5cb1b778f824"
          ],
          "failures": [],
          "pending": [],
          "skipped": [],
          "duration": 237,
          "root": false,
          "rootEmpty": false,
          "_timeout": 0
        }
      ],
      "passes": [],
      "failures": [],
      "pending": [],
      "skipped": [],
      "duration": 0,
      "root": true,
      "rootEmpty": true,
      "_timeout": 0
    }
  ],
  "meta": {
    "mocha": {
      "version": "10.0.0"
    },
    "mochawesome": {
      "options": {
        "quiet": false,
        "reportFilename": "mochawesome",
        "saveHtml": true,
        "saveJson": true,
        "consoleReporter": "spec",
        "useInlineDiffs": false,
        "code": true
      },
      "version": "7.1.3"
    },
    "marge": {
      "options": null,
      "version": "6.2.0"
    }
  }
}